[2026-05-26 18:53:40]
  Пользователь: system
  Действие: ExecuteNonQuery
  Таблица: USERS
  Подробности: [REDACTED]
---
[2026-05-26 18:53:40]
  Пользователь: adminadmin
  Действие: Создан первый пользователь (Admin)
---
[2026-05-26 18:53:50]
  Пользователь: adminadmin
  Действие: Успешный вход в систему
---
[2026-05-26 18:53:50]
  Пользователь: adminadmin
  Действие: Вход в систему
---
[2026-05-26 18:53:50]
  Пользователь: adminadmin
  Действие: Открытие главного окна
---
[2026-05-26 18:53:55]
  Пользователь: adminadmin
  Действие: Открыта форма управления трубопроводами
---
[2026-05-26 18:54:11]
  Пользователь: adminadmin
  Действие: Открыта форма управления инспекциями
---
[2026-05-26 18:56:13]
  Пользователь: adminadmin
  Действие: Успешный вход в систему
---
[2026-05-26 18:56:13]
  Пользователь: adminadmin
  Действие: Вход в систему
---
[2026-05-26 18:56:13]
  Пользователь: adminadmin
  Действие: Открытие главного окна
---
[2026-05-26 18:56:16]
  Пользователь: adminadmin
  Действие: Открыта форма управления инспекциями
---
[2026-05-26 18:57:58]
  Пользователь: adminadmin
  Действие: Успешный вход в систему
---
[2026-05-26 18:57:58]
  Пользователь: adminadmin
  Действие: Вход в систему
---
[2026-05-26 18:57:58]
  Пользователь: adminadmin
  Действие: Открытие главного окна
---
[2026-05-26 18:58:01]
  Пользователь: adminadmin
  Действие: Открыта форма управления инспекциями
---
[2026-05-26 19:00:08]
  Пользователь: adminadmin
  Действие: Успешный вход в систему
---
[2026-05-26 19:00:08]
  Пользователь: adminadmin
  Действие: Вход в систему
---
[2026-05-26 19:00:08]
  Пользователь: adminadmin
  Действие: Открытие главного окна
---
[2026-05-26 19:00:12]
  Пользователь: adminadmin
  Действие: Открыта форма управления инспекциями
---
[2026-05-26 19:32:34]
  Пользователь: adminadmin
  Действие: Успешный вход в систему
---
[2026-05-26 19:32:34]
  Пользователь: adminadmin
  Действие: Вход в систему
---
[2026-05-26 19:32:34]
  Пользователь: adminadmin
  Действие: Открытие главного окна
---
[2026-05-26 19:32:37]
  Пользователь: adminadmin
  Действие: Открыта форма управления инспекциями
---
[2026-05-26 19:35:42]
  Пользователь: adminadmin
  Действие: Успешный вход в систему
---
[2026-05-26 19:35:42]
  Пользователь: adminadmin
  Действие: Вход в систему
---
[2026-05-26 19:35:42]
  Пользователь: adminadmin
  Действие: Открытие главного окна
---
[2026-05-26 19:35:46]
  Пользователь: adminadmin
  Действие: Открыта форма управления инспекциями
---
[2026-05-26 19:38:05]
  Пользователь: adminadmin
  Действие: Открыта форма управления инспекциями
---
[2026-05-26 19:38:29]
  Пользователь: admin
  Действие: Неудачная попытка входа
  Подробности: Осталось попыток: 2
---
[2026-05-26 19:38:34]
  Пользователь: adminadmin
  Действие: Успешный вход в систему
---
[2026-05-26 19:38:34]
  Пользователь: adminadmin
  Действие: Вход в систему
---
[2026-05-26 19:38:34]
  Пользователь: adminadmin
  Действие: Открытие главного окна
---
[2026-05-26 19:38:42]
  Пользователь: adminadmin
  Действие: Открыта форма управления инспекциями
---
[2026-05-26 19:47:40]
  Пользователь: adminadmin
  Действие: Успешный вход в систему
---
[2026-05-26 19:47:40]
  Пользователь: adminadmin
  Действие: Вход в систему
---
[2026-05-26 19:47:40]
  Пользователь: adminadmin
  Действие: Открытие главного окна
---
[2026-05-26 19:47:44]
  Пользователь: adminadmin
  Действие: Открыта форма управления трубопроводами
---
[2026-05-26 19:47:48]
  Пользователь: adminadmin
  Действие: Открыта форма управления инспекциями
---
[2026-05-26 19:47:53]
  Пользователь: adminadmin
  Действие: Открыта форма анализа дефектов
---
[2026-05-26 19:47:55]
  Пользователь: adminadmin
  Действие: Открыта форма управления трубопроводами
---
[2026-05-26 19:47:58]
  Пользователь: adminadmin
  Действие: Открыта форма управления инспекциями
---
[2026-05-26 19:49:27]
  Пользователь: adminadmin
  Действие: Успешный вход в систему
---
[2026-05-26 19:49:28]
  Пользователь: adminadmin
  Действие: Вход в систему
---
[2026-05-26 19:49:28]
  Пользователь: adminadmin
  Действие: Открытие главного окна
---
[2026-05-26 19:49:31]
  Пользователь: adminadmin
  Действие: Открыта форма управления трубопроводами
---
[2026-05-26 19:49:39]
  Пользователь: adminadmin
  Действие: Открыта форма управления инспекциями
---
[2026-05-26 19:50:34]
  Пользователь: adminadmin
  Действие: Открыта форма анализа дефектов
---
[2026-05-26 19:50:53]
  Пользователь: adminadmin
  Действие: Открыта форма управления инспекциями
---
[2026-05-26 19:55:46]
  Пользователь: adminadmin
  Действие: Успешный вход в систему
---
[2026-05-26 19:55:46]
  Пользователь: adminadmin
  Действие: Вход в систему
---
[2026-05-26 19:55:46]
  Пользователь: adminadmin
  Действие: Открытие главного окна
---
[2026-05-26 19:55:49]
  Пользователь: adminadmin
  Действие: Открыта форма управления трубопроводами
---
[2026-05-26 19:55:54]
  Пользователь: adminadmin
  Действие: Открыта форма управления инспекциями
---
[2026-05-26 19:56:11]
  Пользователь: adminadmin
  Действие: Открыта форма анализа дефектов
---
[2026-05-26 19:58:47]
  Пользователь: adminadmin
  Действие: Успешный вход в систему
---
[2026-05-26 19:58:47]
  Пользователь: adminadmin
  Действие: Вход в систему
---
[2026-05-26 19:58:48]
  Пользователь: adminadmin
  Действие: Открытие главного окна
---
[2026-05-26 19:58:51]
  Пользователь: adminadmin
  Действие: Открыта форма анализа дефектов
---
[2026-05-26 20:01:24]
  Пользователь: adminadmin
  Действие: Успешный вход в систему
---
[2026-05-26 20:01:24]
  Пользователь: adminadmin
  Действие: Вход в систему
---
[2026-05-26 20:01:24]
  Пользователь: adminadmin
  Действие: Открытие главного окна
---
[2026-05-26 20:01:29]
  Пользователь: adminadmin
  Действие: Открыта форма анализа дефектов
---
[2026-05-26 20:01:57]
  Пользователь: adminadmin
  Действие: ExecuteNonQuery
  Таблица: DEFECTS
  Подробности: Запрос: UPDATE defects SET allowable_pressure_mpa=@allow, erf=@erf, severity=@sev WHERE id=@id
---
[2026-05-26 20:01:57]
  Пользователь: adminadmin
  Действие: ExecuteNonQuery
  Таблица: DEFECTS
  Подробности: Запрос: UPDATE defects SET allowable_pressure_mpa=@allow, erf=@erf, severity=@sev WHERE id=@id
---
[2026-05-26 20:01:58]
  Пользователь: adminadmin
  Действие: ExecuteNonQuery
  Таблица: DEFECTS
  Подробности: Запрос: UPDATE defects SET allowable_pressure_mpa=@allow, erf=@erf, severity=@sev WHERE id=@id
---
[2026-05-26 20:01:58]
  Пользователь: adminadmin
  Действие: ExecuteNonQuery
  Таблица: DEFECTS
  Подробности: Запрос: UPDATE defects SET allowable_pressure_mpa=@allow, erf=@erf, severity=@sev WHERE id=@id
---
[2026-05-26 20:01:58]
  Пользователь: adminadmin
  Действие: ExecuteNonQuery
  Таблица: DEFECTS
  Подробности: Запрос: UPDATE defects SET allowable_pressure_mpa=@allow, erf=@erf, severity=@sev WHERE id=@id
---
[2026-05-26 20:01:58]
  Пользователь: adminadmin
  Действие: ExecuteNonQuery
  Таблица: DEFECTS
  Подробности: Запрос: UPDATE defects SET allowable_pressure_mpa=@allow, erf=@erf, severity=@sev WHERE id=@id
---
[2026-05-26 20:01:58]
  Пользователь: adminadmin
  Действие: ExecuteNonQuery
  Таблица: DEFECTS
  Подробности: Запрос: UPDATE defects SET allowable_pressure_mpa=@allow, erf=@erf, severity=@sev WHERE id=@id
---
[2026-05-26 20:01:58]
  Пользователь: adminadmin
  Действие: ExecuteNonQuery
  Таблица: DEFECTS
  Подробности: Запрос: UPDATE defects SET allowable_pressure_mpa=@allow, erf=@erf, severity=@sev WHERE id=@id
---
[2026-05-26 20:01:58]
  Пользователь: adminadmin
  Действие: ExecuteNonQuery
  Таблица: DEFECTS
  Подробности: Запрос: UPDATE defects SET allowable_pressure_mpa=@allow, erf=@erf, severity=@sev WHERE id=@id
---
[2026-05-26 20:07:00]
  Пользователь: adminadmin
  Действие: Успешный вход в систему
---
[2026-05-26 20:07:00]
  Пользователь: adminadmin
  Действие: Вход в систему
---
[2026-05-26 20:07:00]
  Пользователь: adminadmin
  Действие: Открытие главного окна
---
[2026-05-26 20:07:03]
  Пользователь: adminadmin
  Действие: Открыта форма анализа дефектов
---
[2026-05-26 20:10:32]
  Пользователь: adminadmin
  Действие: Открыта форма генерации отчётов
---
[2026-05-26 20:11:16]
  Пользователь: adminadmin
  Действие: Открыта форма генерации отчётов
---
[2026-05-26 20:15:13]
  Пользователь: adminadmin
  Действие: Успешный вход в систему
---
[2026-05-26 20:15:13]
  Пользователь: adminadmin
  Действие: Вход в систему
---
[2026-05-26 20:15:13]
  Пользователь: adminadmin
  Действие: Открытие главного окна
---
[2026-05-26 20:15:17]
  Пользователь: adminadmin
  Действие: Открыта форма генерации отчётов
---
[2026-05-26 20:15:39]
  Пользователь: adminadmin
  Действие: Экспорт PDF отчёта
  Подробности: Трубопровод: Газопровод Уренгой-Новополоцк, Инспекция: 10.03.2024
---
